{"name": "test_001", "status": "failed", "statusDetails": {"message": "AssertionError: 实际值: 1 != 预期值: 0", "trace": "self = <report_demo.cases.test_result.TestResult object at 0x000002F13DA7B780>\nsomething = None\n\n>   ???\n\nD:\\BaiduNetdiskDownload\\allure_demo\\report_demo\\cases\\test_result.py:21: \n_ _ _ _ _ _ _ _ _ _ _ _ _ _ _ _ _ _ _ _ _ _ _ _ _ _ _ _ _ _ _ _ _ _ _ _ _ _ _ _\n\ncls = <class 'report_demo.utils.assert_handle.Assertion'>, reality_value = 1\nexpected_value = 0\n\n    @classmethod\n    def assert_equal_value(cls, reality_value, expected_value):\n        \"\"\"\n        校验等于预期值\n        :param reality_value: 实际值\n        :param expected_value: 预期值\n        :return:\n        \"\"\"\n>       assert expected_value == reality_value, \"实际值: {} != 预期值: {}\".format(reality_value, expected_value)\nE       AssertionError: 实际值: 1 != 预期值: 0\n\nutils\\assert_handle.py:19: AssertionError"}, "description": "\n         获取测试用例执行结果: 调用001\n        ", "steps": [{"name": "test_001", "status": "failed", "statusDetails": {"message": "AssertionError: 实际值: 1 != 预期值: 0\n", "trace": "  File \"C:\\Users\\Admin\\AppData\\Local\\Programs\\Python\\Python37\\lib\\site-packages\\allure_commons\\_allure.py\", line 172, in impl\n    return func(*a, **kw)\n  File \"D:\\BaiduNetdiskDownload\\allure_demo\\report_demo\\cases\\test_result.py\", line 21, in test_001\n  File \"D:\\allure_demo\\report_demo\\utils\\assert_handle.py\", line 19, in assert_equal_value\n    assert expected_value == reality_value, \"实际值: {} != 预期值: {}\".format(reality_value, expected_value)\n"}, "parameters": [{"name": "something", "value": "None"}], "start": 1617501209516, "stop": 1617501209516}], "start": 1617501209516, "stop": 1617501209517, "uuid": "221223b4-ae65-4059-a450-be7a7ff1760f", "historyId": "7c158480cb293e9c8f9bb81fd4fb05fb", "testCaseId": "303605ed0db33fab1805ea6eb855cd61", "fullName": "report_demo.cases.test_result.TestResult#test_001", "labels": [{"name": "story", "value": "get_result_001"}, {"name": "severity", "value": "normal"}, {"name": "feature", "value": "get_result_module"}, {"name": "tag", "value": "get_result"}, {"name": "parentSuite", "value": "report_demo.cases"}, {"name": "suite", "value": "test_result"}, {"name": "subSuite", "value": "TestResult"}, {"name": "host", "value": "DESKTOP-U6DG9EK"}, {"name": "thread", "value": "11232-MainThread"}, {"name": "framework", "value": "pytest"}, {"name": "language", "value": "cpython3"}, {"name": "package", "value": "report_demo.cases.test_result"}]}